0 info it worked if it ends with ok
1 verbose cli [ '/usr/local/bin/node', '/usr/local/bin/npm', 'run', 'debug' ]
2 info using npm@3.3.12
3 info using node@v5.2.0
4 verbose run-script [ 'predebug', 'debug', 'postdebug' ]
5 info lifecycle CodeSketcher@0.0.1~predebug: CodeSketcher@0.0.1
6 silly lifecycle CodeSketcher@0.0.1~predebug: no script for predebug, continuing
7 info lifecycle CodeSketcher@0.0.1~debug: CodeSketcher@0.0.1
8 verbose lifecycle CodeSketcher@0.0.1~debug: unsafe-perm in lifecycle true
9 verbose lifecycle CodeSketcher@0.0.1~debug: PATH: /usr/local/lib/node_modules/npm/bin/node-gyp-bin:/Users/michaelcalkins/Code/codesketcher/node_modules/.bin:/usr/local/php5/bin:/usr/local/heroku/bin:/Users/michaelcalkins/.composer/vendor/bin:/Users/michaelcalkins/.node/bin:/usr/local/bin:/usr/local/bin:/usr/bin:/bin:/usr/sbin:/sbin
10 verbose lifecycle CodeSketcher@0.0.1~debug: CWD: /Users/michaelcalkins/Code/codesketcher
11 silly lifecycle CodeSketcher@0.0.1~debug: Args: [ '-c', 'grunt debug' ]
12 silly lifecycle CodeSketcher@0.0.1~debug: Returned: code: 3  signal: null
13 info lifecycle CodeSketcher@0.0.1~debug: Failed to exec debug script
14 verbose stack Error: CodeSketcher@0.0.1 debug: `grunt debug`
14 verbose stack Exit status 3
14 verbose stack     at EventEmitter.<anonymous> (/usr/local/lib/node_modules/npm/lib/utils/lifecycle.js:232:16)
14 verbose stack     at emitTwo (events.js:88:13)
14 verbose stack     at EventEmitter.emit (events.js:173:7)
14 verbose stack     at ChildProcess.<anonymous> (/usr/local/lib/node_modules/npm/lib/utils/spawn.js:24:14)
14 verbose stack     at emitTwo (events.js:88:13)
14 verbose stack     at ChildProcess.emit (events.js:173:7)
14 verbose stack     at maybeClose (internal/child_process.js:819:16)
14 verbose stack     at Process.ChildProcess._handle.onexit (internal/child_process.js:212:5)
15 verbose pkgid CodeSketcher@0.0.1
16 verbose cwd /Users/michaelcalkins/Code/codesketcher
17 error Darwin 15.3.0
18 error argv "/usr/local/bin/node" "/usr/local/bin/npm" "run" "debug"
19 error node v5.2.0
20 error npm  v3.3.12
21 error code ELIFECYCLE
22 error CodeSketcher@0.0.1 debug: `grunt debug`
22 error Exit status 3
23 error Failed at the CodeSketcher@0.0.1 debug script 'grunt debug'.
23 error Make sure you have the latest version of node.js and npm installed.
23 error If you do, this is most likely a problem with the CodeSketcher package,
23 error not with npm itself.
23 error Tell the author that this fails on your system:
23 error     grunt debug
23 error You can get their info via:
23 error     npm owner ls CodeSketcher
23 error There is likely additional logging output above.
24 verbose exit [ 1, true ]
